<?xml version="1.0" encoding="utf-8" ?>
<!DOCTYPE html PUBLIC "-//W3C//DTD XHTML 1.0 Strict//EN"
        "http://www.w3.org/TR/xhtml1/DTD/xhtml1-strict.dtd">
<html xmlns="http://www.w3.org/1999/xhtml" xml:lang="" lang="">
<head>
  <title>Test Results Report - Test_Project</title>
  <meta http-equiv="Content-Type" content="text/html;charset=utf-8" />
  <meta name="description" content="TestNG unit test results." />
  <link href="reportng.css" rel="stylesheet" type="text/css" />
    <script type="text/javascript" src="reportng.js"></script>
</head>
<body>
<h1>Test_Project</h1>
<p>
  Test duration: 186.214s
</p>



  <table class="resultsTable">
    <tr><th colspan="3" class="header failed">Failed Tests</th></tr>
          <tr>
        <td colspan="3" class="group">Apollo_001_Test.Apollo_01_공통</td>
      </tr>
            
<tr>
  <td class="method">
                  <span class="description" title="A. Hotfix Regression Test : 002-006-001 home Web Viewer 웹 뷰어">TC_002_006_001</span>
      </td>
  <td class="duration">
    44.948s
  </td>
  <td class="result">
        
          <i>Method arguments: </i><span class="arguments">public void Apollo_001_Test.Apollo_01_공통.TC_002_006_001(java.lang.reflect.Method) throws java.lang.Exception</span><br />
    
        

        <a href="javascript:toggleElement('exception-0', 'block')" title="Click to expand/collapse"><b>org.openqa.selenium.TimeoutException: Expected condition failed: waiting for element to be clickable: By.id: toolbar_button_close (tried for 10 second(s) with 500 milliseconds interval)</b></a><br />
    <div class="stackTrace" id="exception-0">
              org.openqa.selenium.support.ui.WebDriverWait.timeoutException(WebDriverWait.java:95)<br />
              org.openqa.selenium.support.ui.FluentWait.until(FluentWait.java:272)<br />
              unit.Utilities.WaitfindElement(Utilities.java:156)<br />
              unit.Utilities.click(Utilities.java:1397)<br />
              Apollo_001_Test.Apollo_01_공통.TC_002_006_001(Apollo_01_공통.java:507)<br />
              java.base/jdk.internal.reflect.NativeMethodAccessorImpl.invoke0(Native Method)<br />
              java.base/jdk.internal.reflect.NativeMethodAccessorImpl.invoke(NativeMethodAccessorImpl.java:77)<br />
              java.base/jdk.internal.reflect.DelegatingMethodAccessorImpl.invoke(DelegatingMethodAccessorImpl.java:43)<br />
              java.base/java.lang.reflect.Method.invoke(Method.java:568)<br />
              org.testng.internal.MethodInvocationHelper.invokeMethod(MethodInvocationHelper.java:133)<br />
              org.testng.internal.TestInvoker.invokeMethod(TestInvoker.java:598)<br />
              org.testng.internal.TestInvoker.invokeTestMethod(TestInvoker.java:173)<br />
              org.testng.internal.MethodRunner.runInSequence(MethodRunner.java:46)<br />
              org.testng.internal.TestInvoker$MethodInvocationAgent.invoke(TestInvoker.java:824)<br />
              org.testng.internal.TestInvoker.invokeTestMethods(TestInvoker.java:146)<br />
              org.testng.internal.TestMethodWorker.invokeTestMethods(TestMethodWorker.java:146)<br />
              org.testng.internal.TestMethodWorker.run(TestMethodWorker.java:128)<br />
              java.base/java.util.ArrayList.forEach(ArrayList.java:1511)<br />
              org.testng.TestRunner.privateRun(TestRunner.java:794)<br />
              org.testng.TestRunner.run(TestRunner.java:596)<br />
              org.testng.SuiteRunner.runTest(SuiteRunner.java:377)<br />
              org.testng.SuiteRunner.access$000(SuiteRunner.java:28)<br />
              org.testng.SuiteRunner$SuiteWorker.run(SuiteRunner.java:418)<br />
              org.testng.internal.thread.ThreadUtil.lambda$execute$0(ThreadUtil.java:64)<br />
              java.base/java.util.concurrent.FutureTask.run(FutureTask.java:264)<br />
              java.base/java.util.concurrent.ThreadPoolExecutor.runWorker(ThreadPoolExecutor.java:1136)<br />
              java.base/java.util.concurrent.ThreadPoolExecutor$Worker.run(ThreadPoolExecutor.java:635)<br />
              java.base/java.lang.Thread.run(Thread.java:833)<br />
                    <b>Caused by: </b> <a href="javascript:toggleElement('exception-1', 'block')" title="Click to expand/collapse">org.openqa.selenium.NoSuchElementException: An element could not be located on the page using the given search parameters.<br/>
For documentation on this error, please visit: https://www.seleniumhq.org/exceptions/no_such_element.html<br/>
Build info: version: &apos;3.141.59&apos;, revision: &apos;e82be7d358&apos;, time: &apos;2018-11-14T08:17:03&apos;<br/>
System info: host: &apos;XPVFW1QHC4&apos;, ip: &apos;fe80:0:0:0:1cc6:2650:c43:4c76%en0&apos;, os.name: &apos;Mac OS X&apos;, os.arch: &apos;aarch64&apos;, os.version: &apos;13.2.1&apos;, java.version: &apos;17.0.2&apos;<br/>
Driver info: unit.Utilities<br/>
Capabilities {appActivity: com.skt.nugu.visual.splash...., appPackage: com.skt.nugu.apollo.stg, automationName: UIAutomator2, chromedriverArgs: {browserName: chrome, goog:chromeOptions: {args: [], extensions: [], w3c: true}}, chromedriverExecutable: ~/Library/chromedriver_mac6..., databaseEnabled: false, desired: {appActivity: com.skt.nugu.visual.splash...., appPackage: com.skt.nugu.apollo.stg, automationName: UIAutomator2, chromedriverArgs: {browserName: chrome, goog:chromeOptions: {args: [], extensions: [], w3c: true}}, chromedriverExecutable: ~/Library/chromedriver_mac6..., deviceName: Android, extractChromeAndroidPackageFromContextName: true, focused: true, newCommandTimeout: 600000, noReset: true, platformName: android, recreateChromeDriverSessions: false, showChromedriverLog: true, udid: R33M4000CY}, deviceApiLevel: 31, deviceManufacturer: samsung, deviceModel: SM-N976N, deviceName: R33M4000CY, deviceScreenDensity: 420, deviceScreenSize: 1080x2280, deviceUDID: R33M4000CY, extractChromeAndroidPackageFromContextName: true, focused: true, javascriptEnabled: true, locationContextEnabled: false, networkConnectionEnabled: true, newCommandTimeout: 600000, noReset: true, pixelRatio: 2.625, platform: LINUX, platformName: Android, platformVersion: 12, recreateChromeDriverSessions: false, showChromedriverLog: true, statBarHeight: 85, takesScreenshot: true, udid: R33M4000CY, viewportRect: {height: 1984, left: 0, top: 85, width: 1080}, warnings: {}, webStorageEnabled: false}<br/>
Session ID: 6deec99d-6834-4981-9492-a86e84d87e5e<br/>
*** Element info: {Using=id, value=toolbar_button_close}</a><br />
        <div class="stackTrace" id="exception-1">
                      java.base/jdk.internal.reflect.NativeConstructorAccessorImpl.newInstance0(Native Method)<br />
                      java.base/jdk.internal.reflect.NativeConstructorAccessorImpl.newInstance(NativeConstructorAccessorImpl.java:77)<br />
                      java.base/jdk.internal.reflect.DelegatingConstructorAccessorImpl.newInstance(DelegatingConstructorAccessorImpl.java:45)<br />
                      java.base/java.lang.reflect.Constructor.newInstanceWithCaller(Constructor.java:499)<br />
                      java.base/java.lang.reflect.Constructor.newInstance(Constructor.java:480)<br />
                      org.openqa.selenium.remote.http.W3CHttpResponseCodec.createException(W3CHttpResponseCodec.java:187)<br />
                      org.openqa.selenium.remote.http.W3CHttpResponseCodec.decode(W3CHttpResponseCodec.java:122)<br />
                      org.openqa.selenium.remote.http.W3CHttpResponseCodec.decode(W3CHttpResponseCodec.java:49)<br />
                      org.openqa.selenium.remote.HttpCommandExecutor.execute(HttpCommandExecutor.java:158)<br />
                      io.appium.java_client.remote.AppiumCommandExecutor.execute(AppiumCommandExecutor.java:250)<br />
                      org.openqa.selenium.remote.RemoteWebDriver.execute(RemoteWebDriver.java:552)<br />
                      io.appium.java_client.DefaultGenericMobileDriver.execute(DefaultGenericMobileDriver.java:41)<br />
                      io.appium.java_client.AppiumDriver.execute(AppiumDriver.java:1)<br />
                      io.appium.java_client.android.AndroidDriver.execute(AndroidDriver.java:1)<br />
                      unit.Utilities.execute(Utilities.java:1)<br />
                      org.openqa.selenium.remote.RemoteWebDriver.findElement(RemoteWebDriver.java:323)<br />
                      io.appium.java_client.DefaultGenericMobileDriver.findElement(DefaultGenericMobileDriver.java:61)<br />
                      io.appium.java_client.AppiumDriver.findElement(AppiumDriver.java:1)<br />
                      io.appium.java_client.android.AndroidDriver.findElement(AndroidDriver.java:1)<br />
                      unit.Utilities.findElement(Utilities.java:1)<br />
                      org.openqa.selenium.remote.RemoteWebDriver.findElementById(RemoteWebDriver.java:372)<br />
                      io.appium.java_client.DefaultGenericMobileDriver.findElementById(DefaultGenericMobileDriver.java:69)<br />
                      io.appium.java_client.AppiumDriver.findElementById(AppiumDriver.java:1)<br />
                      io.appium.java_client.android.AndroidDriver.findElementById(AndroidDriver.java:1)<br />
                      unit.Utilities.findElementById(Utilities.java:1)<br />
                      org.openqa.selenium.By$ById.findElement(By.java:188)<br />
                      org.openqa.selenium.remote.RemoteWebDriver.findElement(RemoteWebDriver.java:315)<br />
                      io.appium.java_client.DefaultGenericMobileDriver.findElement(DefaultGenericMobileDriver.java:57)<br />
                      io.appium.java_client.AppiumDriver.findElement(AppiumDriver.java:1)<br />
                      io.appium.java_client.android.AndroidDriver.findElement(AndroidDriver.java:1)<br />
                      unit.Utilities.findElement(Utilities.java:1)<br />
                      org.openqa.selenium.support.ui.ExpectedConditions$7.apply(ExpectedConditions.java:205)<br />
                      org.openqa.selenium.support.ui.ExpectedConditions$7.apply(ExpectedConditions.java:201)<br />
                      org.openqa.selenium.support.ui.ExpectedConditions$22.apply(ExpectedConditions.java:641)<br />
                      org.openqa.selenium.support.ui.ExpectedConditions$22.apply(ExpectedConditions.java:638)<br />
                      org.openqa.selenium.support.ui.FluentWait.until(FluentWait.java:249)<br />
                      unit.Utilities.WaitfindElement(Utilities.java:156)<br />
                      unit.Utilities.click(Utilities.java:1397)<br />
                      Apollo_001_Test.Apollo_01_공통.TC_002_006_001(Apollo_01_공통.java:507)<br />
                      java.base/jdk.internal.reflect.NativeMethodAccessorImpl.invoke0(Native Method)<br />
                      java.base/jdk.internal.reflect.NativeMethodAccessorImpl.invoke(NativeMethodAccessorImpl.java:77)<br />
                      java.base/jdk.internal.reflect.DelegatingMethodAccessorImpl.invoke(DelegatingMethodAccessorImpl.java:43)<br />
                      java.base/java.lang.reflect.Method.invoke(Method.java:568)<br />
                      org.testng.internal.MethodInvocationHelper.invokeMethod(MethodInvocationHelper.java:133)<br />
                      org.testng.internal.TestInvoker.invokeMethod(TestInvoker.java:598)<br />
                      org.testng.internal.TestInvoker.invokeTestMethod(TestInvoker.java:173)<br />
                      org.testng.internal.MethodRunner.runInSequence(MethodRunner.java:46)<br />
                      org.testng.internal.TestInvoker$MethodInvocationAgent.invoke(TestInvoker.java:824)<br />
                      org.testng.internal.TestInvoker.invokeTestMethods(TestInvoker.java:146)<br />
                      org.testng.internal.TestMethodWorker.invokeTestMethods(TestMethodWorker.java:146)<br />
                      org.testng.internal.TestMethodWorker.run(TestMethodWorker.java:128)<br />
                      java.base/java.util.ArrayList.forEach(ArrayList.java:1511)<br />
                      org.testng.TestRunner.privateRun(TestRunner.java:794)<br />
                      org.testng.TestRunner.run(TestRunner.java:596)<br />
                      org.testng.SuiteRunner.runTest(SuiteRunner.java:377)<br />
                      org.testng.SuiteRunner.access$000(SuiteRunner.java:28)<br />
                      org.testng.SuiteRunner$SuiteWorker.run(SuiteRunner.java:418)<br />
                      org.testng.internal.thread.ThreadUtil.lambda$execute$0(ThreadUtil.java:64)<br />
                      java.base/java.util.concurrent.FutureTask.run(FutureTask.java:264)<br />
                      java.base/java.util.concurrent.ThreadPoolExecutor.runWorker(ThreadPoolExecutor.java:1136)<br />
                      java.base/java.util.concurrent.ThreadPoolExecutor$Worker.run(ThreadPoolExecutor.java:635)<br />
                      java.base/java.lang.Thread.run(Thread.java:833)<br />
                  </div>
          </div>
      </td>
</tr>
      </table>

  <table class="resultsTable" width="100%">
    <tr><th colspan="3" class="header skipped">Skipped Tests</th></tr>
          <tr>
        <td colspan="3" class="group">Apollo_001_Test.Apollo_01_공통</td>
      </tr>
            
<tr>
  <td class="method">
                  <span class="description" title="A. Hotfix Regression Test : 000-001-003 Android + 다른 앱 위에 그리기">TC_000_001_031</span>
      </td>
  <td class="duration">
    0.003s
  </td>
  <td class="result">
                                 	<i>Reason: </i>
      	<span class="dependency">Skipping this exception</span>
          
          <i>Method arguments: </i><span class="arguments">public void Apollo_001_Test.Apollo_01_공통.TC_000_001_031(java.lang.reflect.Method) throws java.lang.Exception</span><br />
    
        

      </td>
</tr>
      </table>

  <table class="resultsTable">
    <tr><th colspan="3" class="header passed">Passed Tests</th></tr>
          <tr>
        <td colspan="3" class="group">Apollo_001_Test.Apollo_01_공통</td>
      </tr>
            
<tr>
  <td class="method">
                  <span class="description" title="A. Hotfix Regression Test : 002-005-001 sidemenu_profile 캐릭터 프로필 영역(os 동일)">TC_002_005_001</span>
      </td>
  <td class="duration">
    67.113s
  </td>
  <td class="result">
        
          <i>Method arguments: </i><span class="arguments">public void Apollo_001_Test.Apollo_01_공통.TC_002_005_001(java.lang.reflect.Method) throws java.lang.Exception</span><br />
    
        

      </td>
</tr>
<tr>
  <td class="method">
                  <span class="description" title="A. Hotfix Regression Test : 002-005-015 Sidemenu_1 사이드메뉴 프로필 영역">TC_002_005_015</span>
      </td>
  <td class="duration">
    63.120s
  </td>
  <td class="result">
        
          <i>Method arguments: </i><span class="arguments">public void Apollo_001_Test.Apollo_01_공통.TC_002_005_015(java.lang.reflect.Method) throws java.lang.Exception</span><br />
    
        

      </td>
</tr>
      </table>
  
</body>
</html>
