<?xml version="1.0" encoding="UTF-8"?>
<!-- Generated by org.testng.reporters.JUnitReportReporter -->
<testsuite hostname="XPVFW1QHC4" failures="0" tests="13" name="Apollo_001_공통.Apollo_03_공통" time="472.307" errors="1" timestamp="2023-04-18T13:50:52 KST" skipped="0">
  <testcase classname="Apollo_001_공통.Apollo_03_공통" name="TC_008_004_002" time="33.619"/>
  <system-out/>
  <testcase classname="Apollo_001_공통.Apollo_03_공통" name="TC_013_002_001" time="81.364"/>
  <system-out/>
  <testcase classname="Apollo_001_공통.Apollo_03_공통" name="TC_007_003_001" time="40.486"/>
  <system-out/>
  <testcase classname="Apollo_001_공통.Apollo_03_공통" name="TC_014_008_001" time="26.945"/>
  <system-out/>
  <testcase classname="Apollo_001_공통.Apollo_03_공통" name="TC_014_004_001" time="17.650"/>
  <system-out/>
  <testcase classname="Apollo_001_공통.Apollo_03_공통" name="TC_011_001_001" time="54.668"/>
  <system-out/>
  <testcase classname="Apollo_001_공통.Apollo_03_공통" name="TC_015_005_001" time="10.335"/>
  <system-out/>
  <testcase classname="Apollo_001_공통.Apollo_03_공통" name="TC_010_003_001" time="44.387"/>
  <system-out/>
  <testcase classname="Apollo_001_공통.Apollo_03_공통" name="TC_015_016_003" time="43.325">
    <error message="The element &#039;By.xpath: //android.widget.TextView[contains(@resource-id, &#039;com.skt.prod.dialer:id/btnPositive&#039;)]&#039; does not exist in DOM anymore
For documentation on this error, please visit: https://www.seleniumhq.org/exceptions/stale_element_reference.html
Build info: version: &#039;3.141.59&#039;, revision: &#039;e82be7d358&#039;, time: &#039;2018-11-14T08:17:03&#039;
System info: host: &#039;XPVFW1QHC4&#039;, ip: &#039;fe80:0:0:0:186c:d218:fcf4:ebba%en0&#039;, os.name: &#039;Mac OS X&#039;, os.arch: &#039;aarch64&#039;, os.version: &#039;13.2.1&#039;, java.version: &#039;17.0.2&#039;
Driver info: unit.Utilities
Capabilities {appActivity: com.skt.nugu.visual.splash...., appPackage: com.skt.nugu.apollo.stg, autoGrantPermissions: true, automationName: UIAutomator2, chromedriverArgs: {browserName: chrome, goog:chromeOptions: {args: [], extensions: [], w3c: true}}, chromedriverExecutable: /Users/1112049/chromedriver..., databaseEnabled: false, desired: {appActivity: com.skt.nugu.visual.splash...., appPackage: com.skt.nugu.apollo.stg, autoGrantPermissions: true, automationName: UIAutomator2, chromedriverArgs: {browserName: chrome, goog:chromeOptions: {args: [], extensions: [], w3c: true}}, chromedriverExecutable: /Users/1112049/chromedriver..., deviceName: Android, extractChromeAndroidPackageFromContextName: true, focused: true, newCommandTimeout: 6000, noReset: true, platformName: android, recreateChromeDriverSessions: false, showChromedriverLog: true, udid: 192.168.1.11:36419}, deviceApiLevel: 33, deviceManufacturer: samsung, deviceModel: SM-G988N, deviceName: 192.168.1.11:36419, deviceScreenDensity: 420, deviceScreenSize: 1080x2400, deviceUDID: 192.168.1.11:36419, extractChromeAndroidPackageFromContextName: true, focused: true, javascriptEnabled: true, locationContextEnabled: false, networkConnectionEnabled: true, newCommandTimeout: 6000, noReset: true, pixelRatio: 2.625, platform: LINUX, platformName: Android, platformVersion: 13, recreateChromeDriverSessions: false, showChromedriverLog: true, statBarHeight: 74, takesScreenshot: true, udid: 192.168.1.11:36419, viewportRect: {height: 2126, left: 0, top: 74, width: 1080}, warnings: {}, webStorageEnabled: false}
Session ID: 6c3431b6-bbb2-4c71-b291-696be9cd43ea" type="org.openqa.selenium.StaleElementReferenceException">
      <![CDATA[org.openqa.selenium.StaleElementReferenceException: The element 'By.xpath: //android.widget.TextView[contains(@resource-id, 'com.skt.prod.dialer:id/btnPositive')]' does not exist in DOM anymore
For documentation on this error, please visit: https://www.seleniumhq.org/exceptions/stale_element_reference.html
Build info: version: '3.141.59', revision: 'e82be7d358', time: '2018-11-14T08:17:03'
System info: host: 'XPVFW1QHC4', ip: 'fe80:0:0:0:186c:d218:fcf4:ebba%en0', os.name: 'Mac OS X', os.arch: 'aarch64', os.version: '13.2.1', java.version: '17.0.2'
Driver info: unit.Utilities
Capabilities {appActivity: com.skt.nugu.visual.splash...., appPackage: com.skt.nugu.apollo.stg, autoGrantPermissions: true, automationName: UIAutomator2, chromedriverArgs: {browserName: chrome, goog:chromeOptions: {args: [], extensions: [], w3c: true}}, chromedriverExecutable: /Users/1112049/chromedriver..., databaseEnabled: false, desired: {appActivity: com.skt.nugu.visual.splash...., appPackage: com.skt.nugu.apollo.stg, autoGrantPermissions: true, automationName: UIAutomator2, chromedriverArgs: {browserName: chrome, goog:chromeOptions: {args: [], extensions: [], w3c: true}}, chromedriverExecutable: /Users/1112049/chromedriver..., deviceName: Android, extractChromeAndroidPackageFromContextName: true, focused: true, newCommandTimeout: 6000, noReset: true, platformName: android, recreateChromeDriverSessions: false, showChromedriverLog: true, udid: 192.168.1.11:36419}, deviceApiLevel: 33, deviceManufacturer: samsung, deviceModel: SM-G988N, deviceName: 192.168.1.11:36419, deviceScreenDensity: 420, deviceScreenSize: 1080x2400, deviceUDID: 192.168.1.11:36419, extractChromeAndroidPackageFromContextName: true, focused: true, javascriptEnabled: true, locationContextEnabled: false, networkConnectionEnabled: true, newCommandTimeout: 6000, noReset: true, pixelRatio: 2.625, platform: LINUX, platformName: Android, platformVersion: 13, recreateChromeDriverSessions: false, showChromedriverLog: true, statBarHeight: 74, takesScreenshot: true, udid: 192.168.1.11:36419, viewportRect: {height: 2126, left: 0, top: 74, width: 1080}, warnings: {}, webStorageEnabled: false}
Session ID: 6c3431b6-bbb2-4c71-b291-696be9cd43ea
at java.base/jdk.internal.reflect.NativeConstructorAccessorImpl.newInstance0(Native Method)
at java.base/jdk.internal.reflect.NativeConstructorAccessorImpl.newInstance(NativeConstructorAccessorImpl.java:77)
at java.base/jdk.internal.reflect.DelegatingConstructorAccessorImpl.newInstance(DelegatingConstructorAccessorImpl.java:45)
at java.base/java.lang.reflect.Constructor.newInstanceWithCaller(Constructor.java:499)
at java.base/java.lang.reflect.Constructor.newInstance(Constructor.java:480)
at org.openqa.selenium.remote.http.W3CHttpResponseCodec.createException(W3CHttpResponseCodec.java:187)
at org.openqa.selenium.remote.http.W3CHttpResponseCodec.decode(W3CHttpResponseCodec.java:122)
at org.openqa.selenium.remote.http.W3CHttpResponseCodec.decode(W3CHttpResponseCodec.java:49)
at org.openqa.selenium.remote.HttpCommandExecutor.execute(HttpCommandExecutor.java:158)
at io.appium.java_client.remote.AppiumCommandExecutor.execute(AppiumCommandExecutor.java:250)
at org.openqa.selenium.remote.RemoteWebDriver.execute(RemoteWebDriver.java:552)
at io.appium.java_client.DefaultGenericMobileDriver.execute(DefaultGenericMobileDriver.java:41)
at io.appium.java_client.AppiumDriver.execute(AppiumDriver.java:1)
at io.appium.java_client.android.AndroidDriver.execute(AndroidDriver.java:1)
at unit.Utilities.execute(Utilities.java:1)
at org.openqa.selenium.remote.RemoteWebElement.execute(RemoteWebElement.java:285)
at io.appium.java_client.DefaultGenericMobileElement.execute(DefaultGenericMobileElement.java:45)
at io.appium.java_client.MobileElement.execute(MobileElement.java:1)
at io.appium.java_client.android.AndroidElement.execute(AndroidElement.java:1)
at org.openqa.selenium.remote.RemoteWebElement.isDisplayed(RemoteWebElement.java:326)
at unit.Utilities.isElementPresent(Utilities.java:1043)
at unit.Utilities.click(Utilities.java:1401)
at Apollo_001_공통.Apollo_03_공통.TC_015_016_003(Apollo_03_공통.java:508)
at java.base/jdk.internal.reflect.NativeMethodAccessorImpl.invoke0(Native Method)
at java.base/jdk.internal.reflect.NativeMethodAccessorImpl.invoke(NativeMethodAccessorImpl.java:77)
at java.base/jdk.internal.reflect.DelegatingMethodAccessorImpl.invoke(DelegatingMethodAccessorImpl.java:43)
at java.base/java.lang.reflect.Method.invoke(Method.java:568)
at org.testng.internal.MethodInvocationHelper.invokeMethod(MethodInvocationHelper.java:133)
at org.testng.internal.TestInvoker.invokeMethod(TestInvoker.java:598)
at org.testng.internal.TestInvoker.invokeTestMethod(TestInvoker.java:173)
at org.testng.internal.MethodRunner.runInSequence(MethodRunner.java:46)
at org.testng.internal.TestInvoker$MethodInvocationAgent.invoke(TestInvoker.java:824)
at org.testng.internal.TestInvoker.invokeTestMethods(TestInvoker.java:146)
at org.testng.internal.TestMethodWorker.invokeTestMethods(TestMethodWorker.java:146)
at org.testng.internal.TestMethodWorker.run(TestMethodWorker.java:128)
at java.base/java.util.ArrayList.forEach(ArrayList.java:1511)
at org.testng.TestRunner.privateRun(TestRunner.java:794)
at org.testng.TestRunner.run(TestRunner.java:596)
at org.testng.SuiteRunner.runTest(SuiteRunner.java:377)
at org.testng.SuiteRunner.access$000(SuiteRunner.java:28)
at org.testng.SuiteRunner$SuiteWorker.run(SuiteRunner.java:418)
at org.testng.internal.thread.ThreadUtil.lambda$execute$0(ThreadUtil.java:64)
at java.base/java.util.concurrent.FutureTask.run(FutureTask.java:264)
at java.base/java.util.concurrent.ThreadPoolExecutor.runWorker(ThreadPoolExecutor.java:1136)
at java.base/java.util.concurrent.ThreadPoolExecutor$Worker.run(ThreadPoolExecutor.java:635)
at java.base/java.lang.Thread.run(Thread.java:833)
]]>
    </error>
  </testcase> <!-- TC_015_016_003 -->
  <system-out/>
  <testcase classname="Apollo_001_공통.Apollo_03_공통" name="TC_006_004_007" time="48.321"/>
  <system-out/>
  <testcase classname="Apollo_001_공통.Apollo_03_공통" name="TC_015_004_001" time="10.212"/>
  <system-out/>
  <testcase classname="Apollo_001_공통.Apollo_03_공통" name="TC_008_001_002" time="34.327"/>
  <system-out/>
  <testcase classname="Apollo_001_공통.Apollo_03_공통" name="TC_007_001_001" time="26.668"/>
  <system-out/>
</testsuite> <!-- Apollo_001_공통.Apollo_03_공통 -->
